Performing C++ SOURCE FILE Test CMAKE_HAVE_LIBC_PTHREAD failed with the following output:
Change Dir: /home/s/Desktop/RTSoft/task6/struct_mapping-master/CMakeFiles/CMakeTmp

Run Build Command(s):/usr/bin/make cmTC_d7993/fast && /usr/bin/make -f CMakeFiles/cmTC_d7993.dir/build.make CMakeFiles/cmTC_d7993.dir/build
make[1]: Entering directory '/home/s/Desktop/RTSoft/task6/struct_mapping-master/CMakeFiles/CMakeTmp'
Building CXX object CMakeFiles/cmTC_d7993.dir/src.cxx.o
/usr/bin/c++    -Wpedantic -Wall -Wextra -Wshadow -Wnon-virtual-dtor -Wold-style-cast -Wcast-align -Wunused -Woverloaded-virtual -Wconversion -Wsign-conversion -Wnull-dereference -Wformat=2 -Wduplicated-cond -Wduplicated-branches -Wlogical-op -Wno-sign-compare -ftemplate-backtrace-limit=0 -DCMAKE_HAVE_LIBC_PTHREAD   -o CMakeFiles/cmTC_d7993.dir/src.cxx.o -c /home/s/Desktop/RTSoft/task6/struct_mapping-master/CMakeFiles/CMakeTmp/src.cxx
Linking CXX executable cmTC_d7993
/usr/bin/cmake -E cmake_link_script CMakeFiles/cmTC_d7993.dir/link.txt --verbose=1
/usr/bin/c++   -Wpedantic -Wall -Wextra -Wshadow -Wnon-virtual-dtor -Wold-style-cast -Wcast-align -Wunused -Woverloaded-virtual -Wconversion -Wsign-conversion -Wnull-dereference -Wformat=2 -Wduplicated-cond -Wduplicated-branches -Wlogical-op -Wno-sign-compare -ftemplate-backtrace-limit=0 -DCMAKE_HAVE_LIBC_PTHREAD    CMakeFiles/cmTC_d7993.dir/src.cxx.o  -o cmTC_d7993 
/usr/bin/ld: CMakeFiles/cmTC_d7993.dir/src.cxx.o: in function `main':
src.cxx:(.text+0x46): undefined reference to `pthread_create'
/usr/bin/ld: src.cxx:(.text+0x52): undefined reference to `pthread_detach'
/usr/bin/ld: src.cxx:(.text+0x63): undefined reference to `pthread_join'
collect2: error: ld returned 1 exit status
make[1]: *** [CMakeFiles/cmTC_d7993.dir/build.make:87: cmTC_d7993] Error 1
make[1]: Leaving directory '/home/s/Desktop/RTSoft/task6/struct_mapping-master/CMakeFiles/CMakeTmp'
make: *** [Makefile:121: cmTC_d7993/fast] Error 2


Source file was:
#include <pthread.h>

void* test_func(void* data)
{
  return data;
}

int main(void)
{
  pthread_t thread;
  pthread_create(&thread, NULL, test_func, NULL);
  pthread_detach(thread);
  pthread_join(thread, NULL);
  pthread_atfork(NULL, NULL, NULL);
  pthread_exit(NULL);

  return 0;
}

Determining if the function pthread_create exists in the pthreads failed with the following output:
Change Dir: /home/s/Desktop/RTSoft/task6/struct_mapping-master/CMakeFiles/CMakeTmp

Run Build Command(s):/usr/bin/make cmTC_2e941/fast && /usr/bin/make -f CMakeFiles/cmTC_2e941.dir/build.make CMakeFiles/cmTC_2e941.dir/build
make[1]: Entering directory '/home/s/Desktop/RTSoft/task6/struct_mapping-master/CMakeFiles/CMakeTmp'
Building CXX object CMakeFiles/cmTC_2e941.dir/CheckFunctionExists.cxx.o
/usr/bin/c++    -Wpedantic -Wall -Wextra -Wshadow -Wnon-virtual-dtor -Wold-style-cast -Wcast-align -Wunused -Woverloaded-virtual -Wconversion -Wsign-conversion -Wnull-dereference -Wformat=2 -Wduplicated-cond -Wduplicated-branches -Wlogical-op -Wno-sign-compare -ftemplate-backtrace-limit=0 -DCHECK_FUNCTION_EXISTS=pthread_create   -o CMakeFiles/cmTC_2e941.dir/CheckFunctionExists.cxx.o -c /home/s/Desktop/RTSoft/task6/struct_mapping-master/CMakeFiles/CheckLibraryExists/CheckFunctionExists.cxx
Linking CXX executable cmTC_2e941
/usr/bin/cmake -E cmake_link_script CMakeFiles/cmTC_2e941.dir/link.txt --verbose=1
/usr/bin/c++   -Wpedantic -Wall -Wextra -Wshadow -Wnon-virtual-dtor -Wold-style-cast -Wcast-align -Wunused -Woverloaded-virtual -Wconversion -Wsign-conversion -Wnull-dereference -Wformat=2 -Wduplicated-cond -Wduplicated-branches -Wlogical-op -Wno-sign-compare -ftemplate-backtrace-limit=0 -DCHECK_FUNCTION_EXISTS=pthread_create    CMakeFiles/cmTC_2e941.dir/CheckFunctionExists.cxx.o  -o cmTC_2e941  -lpthreads 
/usr/bin/ld: cannot find -lpthreads
collect2: error: ld returned 1 exit status
make[1]: *** [CMakeFiles/cmTC_2e941.dir/build.make:87: cmTC_2e941] Error 1
make[1]: Leaving directory '/home/s/Desktop/RTSoft/task6/struct_mapping-master/CMakeFiles/CMakeTmp'
make: *** [Makefile:121: cmTC_2e941/fast] Error 2



